<?xml version="1.0" encoding="UTF-8"?>
<!-- Generated by org.testng.reporters.JUnitXMLReporter -->
<testsuite ignored="0" hostname="DESKTOP-24CC5IF" failures="0" tests="4" name="Default test" time="18.396" errors="0" timestamp="2023-04-27T01:41:07 EET">
  <testcase classname="TestModuels.PackageTest" name="validateContryCurrency" time="0.018"/>
  <testcase classname="TestModuels.PackageTest" name="validateEgyptLitePackage" time="0.076"/>
  <testcase classname="TestModuels.PackageTest" name="ValidateEgyptClassicPackage" time="0.069"/>
  <testcase classname="TestModuels.PackageTest" name="ValidateEgyptPremiumPackage" time="0.066"/>
</testsuite> <!-- Default test -->
